Arguments: 
  /Users/humaid.k/.nvm/versions/node/v14.18.1/bin/node /usr/local/Cellar/yarn/1.22.19/libexec/bin/yarn.js add node-fetch

PATH: 
  /Users/humaid.k/.rvm/gems/ruby-3.0.1/bin:/Users/humaid.k/.rvm/gems/ruby-3.0.1@global/bin:/Users/humaid.k/.rvm/rubies/ruby-3.0.1/bin:/Users/humaid.k/.asdf/shims:/usr/local/opt/asdf/libexec/bin:/usr/local/opt/icu4c/sbin:/usr/local/opt/icu4c/bin:/Users/humaid.k/.nvm/versions/node/v14.18.1/bin:/Users/humaid.k/.jenv/shims:/Users/humaid.k/.jenv/bin:/Users/humaid.k/bin:~/Documents/chromedriver:~/Downloads/platform-tools:/usr/local/bin:/System/Cryptexes/App/usr/bin:/usr/bin:/bin:/usr/sbin:/sbin:/Library/Apple/usr/bin:/Applications/Wireshark.app/Contents/MacOS:/Users/humaid.k/.bin/platform-tools:/Users/humaid.k/.rvm/gems/ruby-3.0.1/bin:/Users/humaid.k/.rvm/gems/ruby-3.0.1@global/bin:/Users/humaid.k/.rvm/rubies/ruby-3.0.1/bin:/usr/local/opt/icu4c/sbin:/usr/local/opt/icu4c/bin:/Users/humaid.k/.nvm/versions/node/v14.18.1/bin:/Users/humaid.k/.jenv/shims:/Users/humaid.k/.jenv/bin:/Users/humaid.k/bin:~/Documents/chromedriver:~/Downloads/platform-tools:/Users/humaid.k/Library/Android/sdk/emulator:/Users/humaid.k/Library/Android/sdk/tools:/Users/humaid.k/Library/Android/sdk/tools/bin:/Users/humaid.k/Library/Android/sdk/platform-tools:/Users/humaid.k/.rvm/bin:/Users/humaid.k/Library/Android/sdk/emulator:/Users/humaid.k/Library/Android/sdk/tools:/Users/humaid.k/Library/Android/sdk/tools/bin:/Users/humaid.k/Library/Android/sdk/platform-tools:/Users/humaid.k/.rvm/bin

Yarn version: 
  1.22.19

Node version: 
  14.18.1

Platform: 
  darwin x64

Trace: 
  Error: https://registry.npmjs.org/node-fetch: tunneling socket could not be established, cause=getaddrinfo ENOTFOUND squid.tlt.local
      at ClientRequest.onError (/usr/local/Cellar/yarn/1.22.19/libexec/lib/cli.js:152376:17)
      at Object.onceWrapper (events.js:520:26)
      at ClientRequest.emit (events.js:400:28)
      at Socket.socketErrorListener (_http_client.js:475:9)
      at Socket.emit (events.js:400:28)
      at emitErrorNT (internal/streams/destroy.js:106:8)
      at emitErrorCloseNT (internal/streams/destroy.js:74:3)
      at processTicksAndRejections (internal/process/task_queues.js:82:21)

npm manifest: 
  {
    "name": "pixoo-test",
    "version": "1.0.0",
    "description": "",
    "main": "test.js",
    "scripts": {
      "test": "echo \"Error: no test specified\" && exit 1"
    },
    "keywords": [],
    "author": "",
    "license": "ISC"
  }

yarn manifest: 
  No manifest

Lockfile: 
  # THIS IS AN AUTOGENERATED FILE. DO NOT EDIT THIS FILE DIRECTLY.
  # yarn lockfile v1
